start testing...
###log### <scene-shovel_loading_1_0_12>

init_observation:{'vehicle_info': {'ego': {'shape': {'vehicle_type': 'MineTruck_NTE200', 'length': 13.4, 'width': 6.7, 'height': 6.9, 'min_turn_radius': 14.2, 'wheel_base': 5.6, 'locationPoint2Head': 9.8, 'locationPoint2Rear': 3.8}, 'x': 350.6692107, 'y': -566.9227815, 'v_mps': 6, 'acc_mpss': 0, 'yaw_rad': -0.42154783659912, 'yawrate_radps': 0}}, 'test_setting': {'t': 0, 'dt': 0.1, 'max_t': 150, 'goal': {'x': [711.288418678285, 704.778550908631, 696.0599780028446, 702.5698457724985], 'y': [-648.2761807414453, -652.926086291198, -640.720084223097, -636.0701786733443], 'head': [-4.092139494401863]}, 'end': -1, 'scenario_name': 'shovel_loading_1_0_12', 'scenario_type': 'loading', 'enter_loading_flag': False, 'enter_loading_time': 0.0, 'x_min': 113.867072636361, 'x_max': 810.655394148531, 'y_min': -735.58754509193, 'y_max': -456.249156885114, 'start_ego_info': None}, 'hdmaps_info': {'image_mask': <map_expansion.bit_map.BitMap object at 0x0000021837095790>, 'tgsc_map': <map_expansion.map_api.TgScenesMap object at 0x000002183A1E6F50>}}
slope:-0.00015272387940898293
slope:-0.00014983581977430382
slope:-0.00014982835708834724
slope:-0.00014982835708834724
slope:-0.00014294029753405592
slope:-0.0001480522377241565
slope:-0.00014226865575730496
slope:-0.00014226865575730493
slope:-0.00013804477524269264
slope:-0.00012382089489004197
slope:-0.00012382089489004197
slope:-0.00011114925327445973
slope:-0.00011114925327445973
slope:-0.00010582089512746858
slope:-0.00010759701450977455
slope:-0.000100701492197616
slope:-9.981343250474681e-05
slope:-9.692537283085867e-05
slope:-9.33656713697806e-05
slope:-9.336567136978061e-05
slope:-8.314179085284622e-05
slope:-8.669402963334913e-05
slope:-7.914179087910563e-05
slope:-8.069402967527245e-05
slope:-7.402238792468988e-05
slope:-7.402238792468987e-05
slope:-7.18059700261078e-05
slope:-7.224626853059888e-05
slope:-7.224626853059888e-05
slope:-7.113432823806851e-05
slope:-7.091791032883469e-05
slope:-7.091791032883469e-05
slope:-7.224626853165939e-05
slope:-7.091791032883469e-05
slope:-7.047014913711258e-05
slope:-6.891791033857146e-05
slope:-0.0052591156925056145
slope:-0.010017582802289291
slope:-0.011285901404939071
slope:-0.013503597069836148
slope:-0.018259806152176348
slope:-0.01921215079822089
slope:-0.02174668315739259
slope:-0.0318947997049828
slope:-0.03759266928002412
slope:-0.040129318337485516
slope:-0.05817303615403665
slope:-0.056273903420151664
slope:-0.06986637390283476
slope:-0.07859294439766666
slope:-0.08174818668797044
slope:-0.08742346827041375
slope:-0.08836880609507115
slope:-0.09183369985374484
slope:-0.09498168241011234
slope:-0.09938566828286707
slope:-0.10190051348995074
slope:-0.1031574458555955
slope:-0.10315744585559444
slope:-0.10252902031112782
slope:-0.10504223740637961
slope:-0.10504223740637961
slope:-0.10755413073624907
slope:-0.10504224478702476
slope:-0.10032888662025304
slope:-0.10032888662025304
slope:-0.10504223740637855
slope:-0.1078680278122654
slope:-0.10724021975896306
slope:-0.10504224478702581
slope:-0.10284324327298955
slope:-0.09781324910412298
slope:-0.09529636900478151
slope:-0.09529636900478151
slope:-0.0930931169178869
slope:-0.17637983223144788
slope:-0.16961140743097497
slope:-0.16038533012468098
slope:-0.16038533012468098
slope:-0.1514278874155154
slope:-0.14290778456817277
slope:-0.13637923222234233
slope:-0.12702148101765554
slope:-0.12702148101765554
slope:-0.11795764854502543
slope:-0.112008173250945
slope:-0.112008173250945
slope:-0.10071444933486584
slope:-0.10071444933486585
slope:-0.09631636681596226
slope:-0.00032697013760164465
slope:-0.00031414924339765474
slope:-0.0002596567105826695
slope:-0.0002516417857330677
slope:-0.00018111940100437794
slope:-6.731343273388473e-05
slope:-6.732089541997504e-05
slope:-6.731343273494525e-05
slope:-6.732089542103555e-05
slope:-7.853731327181245e-05
slope:-8.174626847440186e-05
slope:-8.655223858957072e-05
slope:-9.937313400127831e-05
slope:-0.00011540298456196019
slope:-0.00012661940230814338
slope:-0.00013143283506333512
slope:-0.00014264925276418164
slope:-0.00020515671353980616
slope:-0.00018111940100437794
slope:-0.0002227910410899806
slope:-0.00024683581588241403
slope:-0.00026285820290122564
slope:-0.0002885074546819385
slope:-0.0003045298413315543
slope:-0.0003189552130642109
slope:-0.0003317835699147641
slope:-0.00033338804734941855
slope:-0.0003333880473494186
slope:-0.0003317835699158246
slope:-0.00033979849438446586
slope:-0.0003253656601612672
slope:-0.00033338804734941855
slope:-0.0003269776002869709
slope:-0.0003349850620970699
slope:-0.000341395509125209
slope:-0.0003189626757495758
slope:-0.00031896267575063633
slope:-0.00033498506209600937
slope:-0.0003285746150413991
slope:-0.00032858207772671754
slope:-0.0003349925247823565
slope:-0.0003365895395282911
slope:-0.0003349850620970699
slope:-0.0003365895395282911
slope:-0.0003285746150413991
slope:-0.0003237611827170935
slope:-0.0003189626757495758
slope:-0.0003189626757495758
slope:-0.0003189552130642109
slope:-0.00032055969051229246
slope:-0.00031575372084957003
slope:-0.00031735819829985967
slope:-0.00032055969051229246
slope:-0.00031575372085063054
slope:-0.00029973133430756006
slope:-0.0003013283490893275
slope:-0.000309343273715526
slope:-0.00033499252478235656
slope:-0.00032697760028697095
slope:-0.0003237686454034959
slope:-0.0003237686454034959
slope:-0.000320559690513353
slope:-0.00033659700221356977
slope:-0.0003365895395272306
slope:-0.0003365895395272306
slope:-0.0003349850620960094
slope:-0.0003269776002880314
slope:-0.0003269776002880314
slope:-0.0003269701376016446
slope:-0.0003478134188094505
slope:-0.0003478134188094505
slope:-0.0003397910316992034
slope:-0.0003542164030967849
slope:-0.00034620894139158586
slope:-0.00034460446397087825
slope:-0.00034460446397087825
slope:-0.00035101491095671547
slope:-0.0003494104335413718
slope:-0.00034781341881051105
slope:-0.00035582088050562996
slope:-0.0003638358048402551
slope:-0.0003638358048402551
slope:-0.00035582834319080925
slope:-0.00035742535791370353
slope:-0.00035582088050562996
slope:-0.00035582088050563
slope:-0.00034941789622764535
slope:-0.0003494104335413717
slope:-0.00035742535791370353
slope:-0.0003734552065185128
slope:-0.00037345520651851287
slope:-0.00036063431272326105
slope:-0.00036063431272326105
slope:-0.00035742535791370353
slope:-0.000347813418810511
slope:-0.00035582088050562996
slope:-0.0003542164030957244
slope:-0.0003590298353199368
slope:-0.00035902983531993683
slope:-0.00035261938837025184
slope:-0.00035742535791370353
slope:-0.00035102237364192007
slope:-0.00035742535791370353
slope:-0.00035582088050562996
slope:-0.00035582088050562996
slope:-0.00035421640309572436
slope:-0.00035261938837025184
slope:-0.00035101491095671547
slope:-0.00035101491095671547
slope:-0.0003526119256850556
slope:-0.00035742535791370353
slope:-0.00036544028224011395
slope:-0.00036223132744064407
slope:-0.0003638358048413156
slope:-0.00035582088050562996
slope:-0.0003542238657809122
slope:-0.000362238790125789
slope:-0.000360634312723261
slope:-0.00036063431272326105
slope:-0.00035261938837025184
slope:-0.00036063431272432157
slope:-0.0003590298353199368
slope:-0.0003590298353199368
slope:-0.000365440282240114
slope:-0.00036544028224011395
slope:-0.0003574253579137036
slope:-0.00035582834319186976
slope:-0.00034780595612422913
slope:-0.00036062685003810746
slope:-0.00033819401695777936
slope:-0.00035261192568505564
slope:-0.00034460446397087825
slope:-0.0003510223736429806
slope:-0.0003365895395272306
slope:-0.00033499252478235656
slope:-0.0003301790924794618
slope:-0.00035582834319080925
slope:-0.00032697760028697095
slope:-0.00032537312284554076
slope:-0.0003413955091241485
slope:-0.00033979849438446586
slope:-0.00033979849438446586
slope:-0.00033818655427144827
slope:-0.00033979103169920336
slope:-0.00033979103169920336
slope:-0.00033017909247946186
slope:-0.00033819401695777936
slope:-0.0003349850620970699
slope:-0.000341395509125209
slope:-0.00033498506209600937
slope:-0.00033338804734941855
slope:-0.00033499252478235656
slope:-0.0003317835699147641
slope:-0.00033178356991582454
slope:-0.0003365895395282911
slope:-0.0003317761072294614
slope:-0.0003301790924784013
slope:-0.00032216416795872354
slope:-0.0003221641679587236
slope:-0.000320559690513353
slope:-0.00031414924339765474
slope:-0.0003141567060819818
slope:-0.00031414924339765474
slope:-0.0003253656601602067
slope:-0.0003269776002869709
slope:-0.00031255222862845657
slope:-0.0003045373040180468
slope:-0.0003029328265539368
slope:-0.00030293282655393674
slope:-0.00029651491668304273
slope:-0.00031575372084957003
slope:-0.00031575372084957003
slope:-0.0003157537208495701
slope:-0.00029332088710989706
slope:-0.0003061343187951641
slope:-0.00030613431879516416
slope:-0.00030614178148058885
slope:-0.00028529849972181814
slope:-0.00029811939415334203
slope:-0.00028369402224061096
slope:-0.0002917164096350566
slope:-0.0002917164096350566
slope:-0.000293313424424415
slope:-0.0002917089469495675
slope:-0.0002804925299582994
slope:-0.0002740820826888078
slope:-0.000293313424424415
slope:-0.0002965223793685107
slope:-0.0002981268568398634
slope:-0.000291708946950628
slope:-0.0002949179018966918
slope:-0.0003045373040191073
slope:-0.00028370148492613443
slope:-0.00029491790189775235
slope:-0.0003093432737144655
slope:-0.0003109477511722615
slope:-0.0003125447659420009
slope:-0.00032216416795872354
slope:-0.00029972387162210636
slope:-0.00031575372084957003
slope:-0.0003237686454034959
slope:-0.00032376864540349594
slope:-0.0003237611827170935
slope:-0.00030132834908826704
slope:-0.0003045373040180468
slope:-0.0002885074546819385
slope:-0.0002885074546819385
slope:-0.00029972387162210636
slope:-0.00029972387162210636
slope:-0.00029170894694956754
slope:-0.00029491790189669183
slope:-0.00029491790189669183
slope:-0.00029331342442441506
slope:-0.0002917089469495675
slope:-0.00028208954475688263
slope:-0.0002820970074424129
slope:-0.00028049252995723887
slope:-0.00030132834908932755
slope:-0.00030132834908932755
slope:-0.00030132834908932755
slope:-0.00028049252995723887
slope:-0.0002788880524716812
slope:-0.0002788880524716812
slope:-0.0002804925299572389
slope:-0.000293313424424415
slope:-0.000298119394153342
slope:-0.0002917164096350566
slope:-0.0002772835749825667
slope:-0.000293313424424415
slope:-0.0002917164096361171
slope:-0.0002917164096350566
slope:-0.00029811939415334203
slope:-0.0002917089469495675
slope:-0.0002917164096350566
slope:-0.0002901119321597746
slope:-0.0002901044694732181
slope:-0.00029010446947321807
slope:-0.00026926865020769034
slope:-0.0002917164096350566
slope:-0.0002724850678831327
slope:-0.0002644626804018186
slope:-0.0002516417857341282
slope:-0.00024202238333361043
slope:-0.00026285820290122564
slope:-0.0002692761128953944
slope:-0.00031735819830092023
slope:-0.0003285746150413991
slope:-0.0003285746150413991
slope:-0.0003285746150413991
slope:-0.0003494104335413718
slope:-0.0003494104335413718
slope:-0.000362231327440644
slope:-0.00036223132744064407
slope:-0.00036223132744064407
slope:-0.0003365895395272306
slope:-0.0003365895395272306
slope:-0.0003365895395272306
slope:-0.0003670447596370307
slope:-0.00036704475963703065
slope:-0.0003670447596370307
slope:-0.000341395509125209
slope:-0.000341395509125209
slope:-0.000341395509125209
slope:-0.000341395509125209
slope:-0.000341395509125209
slope:-0.000341395509125209
slope:-0.000341395509125209
slope:-0.00034139550912520904
slope:-0.000341395509125209
slope:-0.000341395509125209
slope:-0.000341395509125209
slope:-0.00034139550912520893
slope:-0.000341395509125209
slope:-0.000341395509125209
slope:-0.000341395509125209
slope:-0.000341395509125209
slope:-0.000341395509125209
slope:-0.0003670447596370307
slope:-0.0003670447596370307
slope:-0.0003670447596370307
slope:-0.0003670447596370307
slope:-0.0003670447596370307
slope:-0.00036223132744064407
slope:-0.0003365895395272306
slope:-0.00033658953952723055
slope:-0.0003365895395272306
slope:-0.00036223132744064407
slope:-0.00036223132744064407
slope:-0.0003622313274406441
slope:-0.00036223132744064407
slope:-0.00036223132744064407
slope:-0.0003494104335413718
slope:-0.0003494104335413718
slope:-0.0003494104335413718
slope:-0.0003494104335413718
slope:-0.0003173581983009202
slope:-0.0003285746150413991
slope:-0.0003285746150413991
slope:-0.0003285746150413991
slope:-0.0003285746150413991
slope:-0.00032857461504139915
slope:-0.0003285746150413991
slope:-0.00032857461504139915
slope:-0.00031255222862845657
slope:-0.0002820970074424129
slope:-0.0002820970074424128
slope:-0.0002820970074424129
slope:-0.0002820970074424129
slope:-0.00026285820290122564
slope:-0.00026285820290122564
slope:-0.0002516417857330677
slope:-0.00023240298089042356
slope:-0.0002324029808904236
slope:-0.00023240298089042356
slope:-0.00023240298089042356
slope:-0.00023240298089042356
slope:-0.00023240298089042356
slope:-0.00023240298089042356
slope:-0.0002516417857330677
slope:-0.0002516417857330677
slope:-0.0002516417857330677
slope:-0.0002516417857330677
slope:-0.0002516417857330677
slope:-0.0002516417857330677
slope:-0.0002516417857330677
slope:-0.0002516417857330677
slope:-0.0002516417857330677
slope:-0.00023240298089042356
slope:-0.00023240298089042356
slope:-0.0002516417857330677
slope:-0.00023240298089042356
slope:-0.00023240298089042356
slope:-0.00023240298089042356
slope:-0.00023240298089042356
slope:-0.0002324029808904236
slope:-0.00023240298089042356
slope:-0.00023240298089042356
slope:-0.00023240298089042356
slope:-0.00023240298089042356
slope:-0.0002324029808904236
slope:-0.00023240298089042356
slope:-0.00023240298089042356
slope:-0.00023240298089042356
slope:-0.00023240298089042356
slope:-0.00023240298089042356
slope:-0.00023240298089042356
slope:-0.00023240298089042356
slope:-0.0002324029808904236
slope:-0.00023240298089042356
slope:-0.00023240298089042356
slope:-0.00023240298089042356
slope:-0.0002324029808904235
slope:-0.00023240298089042356
slope:-0.00023240298089042356
slope:-0.00023240298089042356
slope:-0.00023240298089042356
slope:-0.00023240298089042356
slope:-0.00023240298089042356
slope:-0.00023240298089042356
slope:-0.00023240298089042356
slope:-0.00023240298089042356
slope:-0.0002324029808904235
slope:-0.00023240298089042356
slope:-0.0002324029808904235
slope:-0.0002307985033654154
slope:-0.0002307985033654154
slope:-0.00023079850336541543
slope:-0.0002307985033654154
slope:-0.0002307985033654154
slope:-0.0002307985033654154
slope:-0.0002307985033654154
slope:-0.0002307985033654154
slope:-0.0002307985033654154
slope:-0.0002307985033654154
slope:-0.0002307985033654154
slope:-0.0002307985033654154
slope:-0.0002516417857341282
slope:-0.0002516417857341282
slope:-0.00025164178573412814
slope:-0.0002516417857341282
slope:-0.0002516417857341282
slope:-0.0002516417857341282
slope:-0.0002516417857341282
slope:-0.0002516417857341282
slope:-0.0002516417857341282
slope:-0.0002516417857341282
slope:-0.0002516417857341282
slope:-0.0002516417857341282
slope:-0.0002516417857341282
slope:-0.0002516417857341282
slope:-0.0002516417857341282
slope:-0.0002516417857341282
slope:-0.0002516417857341282
slope:-0.0002516417857341282
slope:-0.0002516417857341282
slope:-0.0002516417857341282
slope:-0.00025164178573412814
slope:-0.0002516417857341282
slope:-0.0002516417857341282
slope:-0.0002516417857341282
slope:-0.0002516417857341282
slope:-0.0002516417857341282
slope:-0.00025164178573412814
slope:-0.0002516417857341282
slope:-0.0002516417857341282
slope:-0.0002516417857341282
slope:-0.0002516417857341282
slope:-0.0002516417857341282
slope:-0.0002516417857341282
slope:-0.0002516417857341282
slope:-0.0002516417857341282
slope:-0.0002516417857341282
slope:-0.0002516417857341282
slope:-0.0002516417857341282
slope:-0.0002516417857341282
slope:-0.0002516417857341282
slope:-0.0002516417857341282
slope:-0.0002516417857341282
